<?xml version="1.0" encoding="UTF-8"?>
<testng-results ignored="0" total="1" passed="1" failed="0" skipped="0">
  <reporter-output>
  </reporter-output>
  <suite started-at="2024-06-20T11:22:48 IST" name="Suite" finished-at="2024-06-20T11:22:58 IST" duration-ms="9984">
    <groups>
    </groups>
    <test started-at="2024-06-20T11:22:48 IST" name="Test" finished-at="2024-06-20T11:22:58 IST" duration-ms="9984">
      <class name="com.fdf.LOGINPAGECHECK">
        <test-method signature="checkloginpage()[pri:0, instance:com.fdf.LOGINPAGECHECK@7a52f2a2]" started-at="2024-06-20T11:22:48 IST" name="checkloginpage" finished-at="2024-06-20T11:22:58 IST" duration-ms="9938" status="PASS">
          <reporter-output>
          </reporter-output>
        </test-method> <!-- checkloginpage -->
      </class> <!-- com.fdf.LOGINPAGECHECK -->
    </test> <!-- Test -->
  </suite> <!-- Suite -->
</testng-results>
